# JRE version: Java(TM) SE Runtime Environment (8.0_231-b11) (build 1.8.0_231-b11)
# Java VM: Java HotSpot(TM) 64-Bit Server VM (25.231-b11 mixed mode windows-amd64 compressed oops)
Heap:
 PSYoungGen      total 101888K, used 34438K [0x00000000d6c00000, 0x00000000ddd00000, 0x0000000100000000)
  eden space 92160K, 37% used [0x00000000d6c00000,0x00000000d8da19d8,0x00000000dc600000)
  from space 9728K, 0% used [0x00000000dd280000,0x00000000dd280000,0x00000000ddc00000)
  to   space 11776K, 0% used [0x00000000dc600000,0x00000000dc600000,0x00000000dd180000)
 ParOldGen       total 56832K, used 15333K [0x0000000084400000, 0x0000000087b80000, 0x00000000d6c00000)
  object space 56832K, 26% used [0x0000000084400000,0x00000000852f9600,0x0000000087b80000)
 Metaspace       used 37880K, capacity 40000K, committed 40192K, reserved 1083392K
  class space    used 5153K, capacity 5527K, committed 5632K, reserved 1048576K
GC Heap History (10 events):
Event: 1.166 GC heap before
{Heap before GC invocations=4 (full 0):
 PSYoungGen      total 36864K, used 26346K [0x00000000d6c00000, 0x00000000db400000, 0x0000000100000000)
  eden space 31744K, 66% used [0x00000000d6c00000,0x00000000d80bbb70,0x00000000d8b00000)
  from space 5120K, 99% used [0x00000000d8b00000,0x00000000d8ffee30,0x00000000d9000000)
  to   space 5120K, 0% used [0x00000000daf00000,0x00000000daf00000,0x00000000db400000)
 ParOldGen       total 84992K, used 3501K [0x0000000084400000, 0x0000000089700000, 0x00000000d6c00000)
  object space 84992K, 4% used [0x0000000084400000,0x000000008476b548,0x0000000089700000)
 Metaspace       used 20523K, capacity 21164K, committed 21296K, reserved 1067008K
  class space    used 2693K, capacity 2865K, committed 2944K, reserved 1048576K
Event: 1.171 GC heap after
Heap after GC invocations=4 (full 0):
 PSYoungGen      total 68608K, used 5092K [0x00000000d6c00000, 0x00000000db400000, 0x0000000100000000)
  eden space 63488K, 0% used [0x00000000d6c00000,0x00000000d6c00000,0x00000000daa00000)
  from space 5120K, 99% used [0x00000000daf00000,0x00000000db3f9160,0x00000000db400000)
  to   space 5120K, 0% used [0x00000000daa00000,0x00000000daa00000,0x00000000daf00000)
 ParOldGen       total 84992K, used 5808K [0x0000000084400000, 0x0000000089700000, 0x00000000d6c00000)
  object space 84992K, 6% used [0x0000000084400000,0x00000000849ac018,0x0000000089700000)
 Metaspace       used 20523K, capacity 21164K, committed 21296K, reserved 1067008K
  class space    used 2693K, capacity 2865K, committed 2944K, reserved 1048576K
}
Event: 1.171 GC heap before
{Heap before GC invocations=5 (full 1):
 PSYoungGen      total 68608K, used 5092K [0x00000000d6c00000, 0x00000000db400000, 0x0000000100000000)
  eden space 63488K, 0% used [0x00000000d6c00000,0x00000000d6c00000,0x00000000daa00000)
  from space 5120K, 99% used [0x00000000daf00000,0x00000000db3f9160,0x00000000db400000)
  to   space 5120K, 0% used [0x00000000daa00000,0x00000000daa00000,0x00000000daf00000)
 ParOldGen       total 84992K, used 5808K [0x0000000084400000, 0x0000000089700000, 0x00000000d6c00000)
  object space 84992K, 6% used [0x0000000084400000,0x00000000849ac018,0x0000000089700000)
 Metaspace       used 20523K, capacity 21164K, committed 21296K, reserved 1067008K
  class space    used 2693K, capacity 2865K, committed 2944K, reserved 1048576K
Event: 1.192 GC heap after
Heap after GC invocations=5 (full 1):
 PSYoungGen      total 68608K, used 0K [0x00000000d6c00000, 0x00000000db400000, 0x0000000100000000)
  eden space 63488K, 0% used [0x00000000d6c00000,0x00000000d6c00000,0x00000000daa00000)
  from space 5120K, 0% used [0x00000000daf00000,0x00000000daf00000,0x00000000db400000)
  to   space 5120K, 0% used [0x00000000daa00000,0x00000000daa00000,0x00000000daf00000)
 ParOldGen       total 56832K, used 7218K [0x0000000084400000, 0x0000000087b80000, 0x00000000d6c00000)
  object space 56832K, 12% used [0x0000000084400000,0x0000000084b0cb40,0x0000000087b80000)
 Metaspace       used 20521K, capacity 21158K, committed 21296K, reserved 1067008K
  class space    used 2693K, capacity 2864K, committed 2944K, reserved 1048576K
}
Event: 4.668 GC heap before
{Heap before GC invocations=6 (full 1):
 PSYoungGen      total 68608K, used 63488K [0x00000000d6c00000, 0x00000000db400000, 0x0000000100000000)
  eden space 63488K, 100% used [0x00000000d6c00000,0x00000000daa00000,0x00000000daa00000)
  from space 5120K, 0% used [0x00000000daf00000,0x00000000daf00000,0x00000000db400000)
  to   space 5120K, 0% used [0x00000000daa00000,0x00000000daa00000,0x00000000daf00000)
 ParOldGen       total 56832K, used 7218K [0x0000000084400000, 0x0000000087b80000, 0x00000000d6c00000)
  object space 56832K, 12% used [0x0000000084400000,0x0000000084b0cb40,0x0000000087b80000)
 Metaspace       used 26275K, capacity 27376K, committed 27648K, reserved 1073152K
  class space    used 3483K, capacity 3727K, committed 3840K, reserved 1048576K
Event: 4.675 GC heap after
Heap after GC invocations=6 (full 1):
 PSYoungGen      total 68608K, used 5116K [0x00000000d6c00000, 0x00000000ddc00000, 0x0000000100000000)
  eden space 63488K, 0% used [0x00000000d6c00000,0x00000000d6c00000,0x00000000daa00000)
  from space 5120K, 99% used [0x00000000daa00000,0x00000000daeff1b8,0x00000000daf00000)
  to   space 9728K, 0% used [0x00000000dd280000,0x00000000dd280000,0x00000000ddc00000)
 ParOldGen       total 56832K, used 10314K [0x0000000084400000, 0x0000000087b80000, 0x00000000d6c00000)
  object space 56832K, 18% used [0x0000000084400000,0x0000000084e12a30,0x0000000087b80000)
 Metaspace       used 26275K, capacity 27376K, committed 27648K, reserved 1073152K
  class space    used 3483K, capacity 3727K, committed 3840K, reserved 1048576K
}
Event: 6.555 GC heap before
{Heap before GC invocations=7 (full 1):
 PSYoungGen      total 68608K, used 59322K [0x00000000d6c00000, 0x00000000ddc00000, 0x0000000100000000)
  eden space 63488K, 85% used [0x00000000d6c00000,0x00000000da0ef7e0,0x00000000daa00000)
  from space 5120K, 99% used [0x00000000daa00000,0x00000000daeff1b8,0x00000000daf00000)
  to   space 9728K, 0% used [0x00000000dd280000,0x00000000dd280000,0x00000000ddc00000)
 ParOldGen       total 56832K, used 10314K [0x0000000084400000, 0x0000000087b80000, 0x00000000d6c00000)
  object space 56832K, 18% used [0x0000000084400000,0x0000000084e12a30,0x0000000087b80000)
 Metaspace       used 33708K, capacity 35250K, committed 35496K, reserved 1079296K
  class space    used 4474K, capacity 4788K, committed 4864K, reserved 1048576K
Event: 6.563 GC heap after
Heap after GC invocations=7 (full 1):
 PSYoungGen      total 101888K, used 9720K [0x00000000d6c00000, 0x00000000ddd00000, 0x0000000100000000)
  eden space 92160K, 0% used [0x00000000d6c00000,0x00000000d6c00000,0x00000000dc600000)
  from space 9728K, 99% used [0x00000000dd280000,0x00000000ddbfe3d0,0x00000000ddc00000)
  to   space 11776K, 0% used [0x00000000dc600000,0x00000000dc600000,0x00000000dd180000)
 ParOldGen       total 56832K, used 12233K [0x0000000084400000, 0x0000000087b80000, 0x00000000d6c00000)
  object space 56832K, 21% used [0x0000000084400000,0x0000000084ff26d8,0x0000000087b80000)
 Metaspace       used 33708K, capacity 35250K, committed 35496K, reserved 1079296K
  class space    used 4474K, capacity 4788K, committed 4864K, reserved 1048576K
}
Event: 6.563 GC heap before
{Heap before GC invocations=8 (full 2):
 PSYoungGen      total 101888K, used 9720K [0x00000000d6c00000, 0x00000000ddd00000, 0x0000000100000000)
  eden space 92160K, 0% used [0x00000000d6c00000,0x00000000d6c00000,0x00000000dc600000)
  from space 9728K, 99% used [0x00000000dd280000,0x00000000ddbfe3d0,0x00000000ddc00000)
  to   space 11776K, 0% used [0x00000000dc600000,0x00000000dc600000,0x00000000dd180000)
 ParOldGen       total 56832K, used 12233K [0x0000000084400000, 0x0000000087b80000, 0x00000000d6c00000)
  object space 56832K, 21% used [0x0000000084400000,0x0000000084ff26d8,0x0000000087b80000)
 Metaspace       used 33708K, capacity 35250K, committed 35496K, reserved 1079296K
  class space    used 4474K, capacity 4788K, committed 4864K, reserved 1048576K
Event: 6.603 GC heap after
Heap after GC invocations=8 (full 2):
 PSYoungGen      total 101888K, used 0K [0x00000000d6c00000, 0x00000000ddd00000, 0x0000000100000000)
  eden space 92160K, 0% used [0x00000000d6c00000,0x00000000d6c00000,0x00000000dc600000)
  from space 9728K, 0% used [0x00000000dd280000,0x00000000dd280000,0x00000000ddc00000)
  to   space 11776K, 0% used [0x00000000dc600000,0x00000000dc600000,0x00000000dd180000)
 ParOldGen       total 56832K, used 15333K [0x0000000084400000, 0x0000000087b80000, 0x00000000d6c00000)
  object space 56832K, 26% used [0x0000000084400000,0x00000000852f9600,0x0000000087b80000)
 Metaspace       used 33708K, capacity 35250K, committed 35496K, reserved 1079296K
  class space    used 4474K, capacity 4788K, committed 4864K, reserved 1048576K
}

