# JRE version: Java(TM) SE Runtime Environment (8.0_231-b11) (build 1.8.0_231-b11)
# Java VM: Java HotSpot(TM) 64-Bit Server VM (25.231-b11 mixed mode windows-amd64 compressed oops)
Heap:
 PSYoungGen      total 68608K, used 10360K [0x00000000d6c00000, 0x00000000db400000, 0x0000000100000000)
  eden space 63488K, 8% used [0x00000000d6c00000,0x00000000d7125bf8,0x00000000daa00000)
  from space 5120K, 99% used [0x00000000daa00000,0x00000000daef86a8,0x00000000daf00000)
  to   space 5120K, 0% used [0x00000000daf00000,0x00000000daf00000,0x00000000db400000)
 ParOldGen       total 57344K, used 10283K [0x0000000084400000, 0x0000000087c00000, 0x00000000d6c00000)
  object space 57344K, 17% used [0x0000000084400000,0x0000000084e0af38,0x0000000087c00000)
 Metaspace       used 27115K, capacity 28656K, committed 28800K, reserved 1075200K
  class space    used 3635K, capacity 3941K, committed 3968K, reserved 1048576K
GC Heap History (10 events):
Event: 1.026 GC heap before
{Heap before GC invocations=2 (full 0):
 PSYoungGen      total 36864K, used 36860K [0x00000000d6c00000, 0x00000000d9500000, 0x0000000100000000)
  eden space 31744K, 100% used [0x00000000d6c00000,0x00000000d8b00000,0x00000000d8b00000)
  from space 5120K, 99% used [0x00000000d8b00000,0x00000000d8fff278,0x00000000d9000000)
  to   space 5120K, 0% used [0x00000000d9000000,0x00000000d9000000,0x00000000d9500000)
 ParOldGen       total 84992K, used 229K [0x0000000084400000, 0x0000000089700000, 0x00000000d6c00000)
  object space 84992K, 0% used [0x0000000084400000,0x00000000844396d8,0x0000000089700000)
 Metaspace       used 13481K, capacity 13968K, committed 14080K, reserved 1060864K
  class space    used 1805K, capacity 1959K, committed 2048K, reserved 1048576K
Event: 1.031 GC heap after
Heap after GC invocations=2 (full 0):
 PSYoungGen      total 36864K, used 5106K [0x00000000d6c00000, 0x00000000db400000, 0x0000000100000000)
  eden space 31744K, 0% used [0x00000000d6c00000,0x00000000d6c00000,0x00000000d8b00000)
  from space 5120K, 99% used [0x00000000d9000000,0x00000000d94fcab0,0x00000000d9500000)
  to   space 5120K, 0% used [0x00000000d8b00000,0x00000000d8b00000,0x00000000d9000000)
 ParOldGen       total 84992K, used 868K [0x0000000084400000, 0x0000000089700000, 0x00000000d6c00000)
  object space 84992K, 1% used [0x0000000084400000,0x00000000844d9308,0x0000000089700000)
 Metaspace       used 13481K, capacity 13968K, committed 14080K, reserved 1060864K
  class space    used 1805K, capacity 1959K, committed 2048K, reserved 1048576K
}
Event: 1.290 GC heap before
{Heap before GC invocations=3 (full 0):
 PSYoungGen      total 36864K, used 36850K [0x00000000d6c00000, 0x00000000db400000, 0x0000000100000000)
  eden space 31744K, 100% used [0x00000000d6c00000,0x00000000d8b00000,0x00000000d8b00000)
  from space 5120K, 99% used [0x00000000d9000000,0x00000000d94fcab0,0x00000000d9500000)
  to   space 5120K, 0% used [0x00000000d8b00000,0x00000000d8b00000,0x00000000d9000000)
 ParOldGen       total 84992K, used 868K [0x0000000084400000, 0x0000000089700000, 0x00000000d6c00000)
  object space 84992K, 1% used [0x0000000084400000,0x00000000844d9308,0x0000000089700000)
 Metaspace       used 17938K, capacity 18578K, committed 18688K, reserved 1064960K
  class space    used 2340K, capacity 2502K, committed 2560K, reserved 1048576K
Event: 1.296 GC heap after
Heap after GC invocations=3 (full 0):
 PSYoungGen      total 36864K, used 5103K [0x00000000d6c00000, 0x00000000db400000, 0x0000000100000000)
  eden space 31744K, 0% used [0x00000000d6c00000,0x00000000d6c00000,0x00000000d8b00000)
  from space 5120K, 99% used [0x00000000d8b00000,0x00000000d8ffbd38,0x00000000d9000000)
  to   space 5120K, 0% used [0x00000000daf00000,0x00000000daf00000,0x00000000db400000)
 ParOldGen       total 84992K, used 3626K [0x0000000084400000, 0x0000000089700000, 0x00000000d6c00000)
  object space 84992K, 4% used [0x0000000084400000,0x000000008478a970,0x0000000089700000)
 Metaspace       used 17938K, capacity 18578K, committed 18688K, reserved 1064960K
  class space    used 2340K, capacity 2502K, committed 2560K, reserved 1048576K
}
Event: 1.453 GC heap before
{Heap before GC invocations=4 (full 0):
 PSYoungGen      total 36864K, used 25446K [0x00000000d6c00000, 0x00000000db400000, 0x0000000100000000)
  eden space 31744K, 64% used [0x00000000d6c00000,0x00000000d7fddda0,0x00000000d8b00000)
  from space 5120K, 99% used [0x00000000d8b00000,0x00000000d8ffbd38,0x00000000d9000000)
  to   space 5120K, 0% used [0x00000000daf00000,0x00000000daf00000,0x00000000db400000)
 ParOldGen       total 84992K, used 3626K [0x0000000084400000, 0x0000000089700000, 0x00000000d6c00000)
  object space 84992K, 4% used [0x0000000084400000,0x000000008478a970,0x0000000089700000)
 Metaspace       used 20545K, capacity 21176K, committed 21296K, reserved 1067008K
  class space    used 2702K, capacity 2869K, committed 2944K, reserved 1048576K
Event: 1.461 GC heap after
Heap after GC invocations=4 (full 0):
 PSYoungGen      total 68608K, used 5113K [0x00000000d6c00000, 0x00000000db400000, 0x0000000100000000)
  eden space 63488K, 0% used [0x00000000d6c00000,0x00000000d6c00000,0x00000000daa00000)
  from space 5120K, 99% used [0x00000000daf00000,0x00000000db3fe430,0x00000000db400000)
  to   space 5120K, 0% used [0x00000000daa00000,0x00000000daa00000,0x00000000daf00000)
 ParOldGen       total 84992K, used 5840K [0x0000000084400000, 0x0000000089700000, 0x00000000d6c00000)
  object space 84992K, 6% used [0x0000000084400000,0x00000000849b41e8,0x0000000089700000)
 Metaspace       used 20545K, capacity 21176K, committed 21296K, reserved 1067008K
  class space    used 2702K, capacity 2869K, committed 2944K, reserved 1048576K
}
Event: 1.461 GC heap before
{Heap before GC invocations=5 (full 1):
 PSYoungGen      total 68608K, used 5113K [0x00000000d6c00000, 0x00000000db400000, 0x0000000100000000)
  eden space 63488K, 0% used [0x00000000d6c00000,0x00000000d6c00000,0x00000000daa00000)
  from space 5120K, 99% used [0x00000000daf00000,0x00000000db3fe430,0x00000000db400000)
  to   space 5120K, 0% used [0x00000000daa00000,0x00000000daa00000,0x00000000daf00000)
 ParOldGen       total 84992K, used 5840K [0x0000000084400000, 0x0000000089700000, 0x00000000d6c00000)
  object space 84992K, 6% used [0x0000000084400000,0x00000000849b41e8,0x0000000089700000)
 Metaspace       used 20545K, capacity 21176K, committed 21296K, reserved 1067008K
  class space    used 2702K, capacity 2869K, committed 2944K, reserved 1048576K
Event: 1.490 GC heap after
Heap after GC invocations=5 (full 1):
 PSYoungGen      total 68608K, used 0K [0x00000000d6c00000, 0x00000000db400000, 0x0000000100000000)
  eden space 63488K, 0% used [0x00000000d6c00000,0x00000000d6c00000,0x00000000daa00000)
  from space 5120K, 0% used [0x00000000daf00000,0x00000000daf00000,0x00000000db400000)
  to   space 5120K, 0% used [0x00000000daa00000,0x00000000daa00000,0x00000000daf00000)
 ParOldGen       total 57344K, used 7114K [0x0000000084400000, 0x0000000087c00000, 0x00000000d6c00000)
  object space 57344K, 12% used [0x0000000084400000,0x0000000084af2bf8,0x0000000087c00000)
 Metaspace       used 20543K, capacity 21170K, committed 21296K, reserved 1067008K
  class space    used 2701K, capacity 2868K, committed 2944K, reserved 1048576K
}
Event: 2.483 GC heap before
{Heap before GC invocations=6 (full 1):
 PSYoungGen      total 68608K, used 63488K [0x00000000d6c00000, 0x00000000db400000, 0x0000000100000000)
  eden space 63488K, 100% used [0x00000000d6c00000,0x00000000daa00000,0x00000000daa00000)
  from space 5120K, 0% used [0x00000000daf00000,0x00000000daf00000,0x00000000db400000)
  to   space 5120K, 0% used [0x00000000daa00000,0x00000000daa00000,0x00000000daf00000)
 ParOldGen       total 57344K, used 7114K [0x0000000084400000, 0x0000000087c00000, 0x00000000d6c00000)
  object space 57344K, 12% used [0x0000000084400000,0x0000000084af2bf8,0x0000000087c00000)
 Metaspace       used 26325K, capacity 27508K, committed 27648K, reserved 1073152K
  class space    used 3492K, capacity 3767K, committed 3840K, reserved 1048576K
Event: 2.491 GC heap after
Heap after GC invocations=6 (full 1):
 PSYoungGen      total 68608K, used 5089K [0x00000000d6c00000, 0x00000000db400000, 0x0000000100000000)
  eden space 63488K, 0% used [0x00000000d6c00000,0x00000000d6c00000,0x00000000daa00000)
  from space 5120K, 99% used [0x00000000daa00000,0x00000000daef86a8,0x00000000daf00000)
  to   space 5120K, 0% used [0x00000000daf00000,0x00000000daf00000,0x00000000db400000)
 ParOldGen       total 57344K, used 10283K [0x0000000084400000, 0x0000000087c00000, 0x00000000d6c00000)
  object space 57344K, 17% used [0x0000000084400000,0x0000000084e0af38,0x0000000087c00000)
 Metaspace       used 26325K, capacity 27508K, committed 27648K, reserved 1073152K
  class space    used 3492K, capacity 3767K, committed 3840K, reserved 1048576K
}

