# JRE version: Java(TM) SE Runtime Environment (8.0_231-b11) (build 1.8.0_231-b11)
# Java VM: Java HotSpot(TM) 64-Bit Server VM (25.231-b11 mixed mode windows-amd64 compressed oops)
Heap:
 PSYoungGen      total 139264K, used 36938K [0x00000000d6c00000, 0x00000000e0880000, 0x0000000100000000)
  eden space 131584K, 23% used [0x00000000d6c00000,0x00000000d8991f58,0x00000000dec80000)
  from space 7680K, 86% used [0x00000000e0100000,0x00000000e07809a0,0x00000000e0880000)
  to   space 14336K, 0% used [0x00000000dec80000,0x00000000dec80000,0x00000000dfa80000)
 ParOldGen       total 88576K, used 17707K [0x0000000084400000, 0x0000000089a80000, 0x00000000d6c00000)
  object space 88576K, 19% used [0x0000000084400000,0x000000008554ad80,0x0000000089a80000)
 Metaspace       used 42720K, capacity 45302K, committed 45568K, reserved 1089536K
  class space    used 5677K, capacity 6124K, committed 6144K, reserved 1048576K
GC Heap History (10 events):
Event: 2.588 GC heap before
{Heap before GC invocations=6 (full 1):
 PSYoungGen      total 68608K, used 63488K [0x00000000d6c00000, 0x00000000db400000, 0x0000000100000000)
  eden space 63488K, 100% used [0x00000000d6c00000,0x00000000daa00000,0x00000000daa00000)
  from space 5120K, 0% used [0x00000000daf00000,0x00000000daf00000,0x00000000db400000)
  to   space 5120K, 0% used [0x00000000daa00000,0x00000000daa00000,0x00000000daf00000)
 ParOldGen       total 56320K, used 7161K [0x0000000084400000, 0x0000000087b00000, 0x00000000d6c00000)
  object space 56320K, 12% used [0x0000000084400000,0x0000000084afe5c8,0x0000000087b00000)
 Metaspace       used 26221K, capacity 27324K, committed 27648K, reserved 1073152K
  class space    used 3477K, capacity 3727K, committed 3840K, reserved 1048576K
Event: 2.595 GC heap after
Heap after GC invocations=6 (full 1):
 PSYoungGen      total 68608K, used 5091K [0x00000000d6c00000, 0x00000000ddc80000, 0x0000000100000000)
  eden space 63488K, 0% used [0x00000000d6c00000,0x00000000d6c00000,0x00000000daa00000)
  from space 5120K, 99% used [0x00000000daa00000,0x00000000daef8fb0,0x00000000daf00000)
  to   space 9216K, 0% used [0x00000000dd380000,0x00000000dd380000,0x00000000ddc80000)
 ParOldGen       total 56320K, used 10178K [0x0000000084400000, 0x0000000087b00000, 0x00000000d6c00000)
  object space 56320K, 18% used [0x0000000084400000,0x0000000084df09a8,0x0000000087b00000)
 Metaspace       used 26221K, capacity 27324K, committed 27648K, reserved 1073152K
  class space    used 3477K, capacity 3727K, committed 3840K, reserved 1048576K
}
Event: 4.514 GC heap before
{Heap before GC invocations=7 (full 1):
 PSYoungGen      total 68608K, used 60081K [0x00000000d6c00000, 0x00000000ddc80000, 0x0000000100000000)
  eden space 63488K, 86% used [0x00000000d6c00000,0x00000000da1b36d0,0x00000000daa00000)
  from space 5120K, 99% used [0x00000000daa00000,0x00000000daef8fb0,0x00000000daf00000)
  to   space 9216K, 0% used [0x00000000dd380000,0x00000000dd380000,0x00000000ddc80000)
 ParOldGen       total 56320K, used 10178K [0x0000000084400000, 0x0000000087b00000, 0x00000000d6c00000)
  object space 56320K, 18% used [0x0000000084400000,0x0000000084df09a8,0x0000000087b00000)
 Metaspace       used 33727K, capacity 35262K, committed 35496K, reserved 1079296K
  class space    used 4479K, capacity 4788K, committed 4864K, reserved 1048576K
Event: 4.522 GC heap after
Heap after GC invocations=7 (full 1):
 PSYoungGen      total 102400K, used 9196K [0x00000000d6c00000, 0x00000000dde00000, 0x0000000100000000)
  eden space 93184K, 0% used [0x00000000d6c00000,0x00000000d6c00000,0x00000000dc700000)
  from space 9216K, 99% used [0x00000000dd380000,0x00000000ddc7b208,0x00000000ddc80000)
  to   space 11776K, 0% used [0x00000000dc700000,0x00000000dc700000,0x00000000dd280000)
 ParOldGen       total 56320K, used 12604K [0x0000000084400000, 0x0000000087b00000, 0x00000000d6c00000)
  object space 56320K, 22% used [0x0000000084400000,0x000000008504f3f0,0x0000000087b00000)
 Metaspace       used 33727K, capacity 35262K, committed 35496K, reserved 1079296K
  class space    used 4479K, capacity 4788K, committed 4864K, reserved 1048576K
}
Event: 4.522 GC heap before
{Heap before GC invocations=8 (full 2):
 PSYoungGen      total 102400K, used 9196K [0x00000000d6c00000, 0x00000000dde00000, 0x0000000100000000)
  eden space 93184K, 0% used [0x00000000d6c00000,0x00000000d6c00000,0x00000000dc700000)
  from space 9216K, 99% used [0x00000000dd380000,0x00000000ddc7b208,0x00000000ddc80000)
  to   space 11776K, 0% used [0x00000000dc700000,0x00000000dc700000,0x00000000dd280000)
 ParOldGen       total 56320K, used 12604K [0x0000000084400000, 0x0000000087b00000, 0x00000000d6c00000)
  object space 56320K, 22% used [0x0000000084400000,0x000000008504f3f0,0x0000000087b00000)
 Metaspace       used 33727K, capacity 35262K, committed 35496K, reserved 1079296K
  class space    used 4479K, capacity 4788K, committed 4864K, reserved 1048576K
Event: 4.565 GC heap after
Heap after GC invocations=8 (full 2):
 PSYoungGen      total 102400K, used 0K [0x00000000d6c00000, 0x00000000dde00000, 0x0000000100000000)
  eden space 93184K, 0% used [0x00000000d6c00000,0x00000000d6c00000,0x00000000dc700000)
  from space 9216K, 0% used [0x00000000dd380000,0x00000000dd380000,0x00000000ddc80000)
  to   space 11776K, 0% used [0x00000000dc700000,0x00000000dc700000,0x00000000dd280000)
 ParOldGen       total 88576K, used 15365K [0x0000000084400000, 0x0000000089a80000, 0x00000000d6c00000)
  object space 88576K, 17% used [0x0000000084400000,0x0000000085301570,0x0000000089a80000)
 Metaspace       used 33727K, capacity 35262K, committed 35496K, reserved 1079296K
  class space    used 4479K, capacity 4788K, committed 4864K, reserved 1048576K
}
Event: 5.782 GC heap before
{Heap before GC invocations=9 (full 2):
 PSYoungGen      total 102400K, used 93184K [0x00000000d6c00000, 0x00000000dde00000, 0x0000000100000000)
  eden space 93184K, 100% used [0x00000000d6c00000,0x00000000dc700000,0x00000000dc700000)
  from space 9216K, 0% used [0x00000000dd380000,0x00000000dd380000,0x00000000ddc80000)
  to   space 11776K, 0% used [0x00000000dc700000,0x00000000dc700000,0x00000000dd280000)
 ParOldGen       total 88576K, used 15365K [0x0000000084400000, 0x0000000089a80000, 0x00000000d6c00000)
  object space 88576K, 17% used [0x0000000084400000,0x0000000085301570,0x0000000089a80000)
 Metaspace       used 41848K, capacity 44406K, committed 44544K, reserved 1087488K
  class space    used 5670K, capacity 6120K, committed 6144K, reserved 1048576K
Event: 5.798 GC heap after
Heap after GC invocations=9 (full 2):
 PSYoungGen      total 104960K, used 11747K [0x00000000d6c00000, 0x00000000e0f00000, 0x0000000100000000)
  eden space 93184K, 0% used [0x00000000d6c00000,0x00000000d6c00000,0x00000000dc700000)
  from space 11776K, 99% used [0x00000000dc700000,0x00000000dd278cc0,0x00000000dd280000)
  to   space 14336K, 0% used [0x00000000e0100000,0x00000000e0100000,0x00000000e0f00000)
 ParOldGen       total 88576K, used 17699K [0x0000000084400000, 0x0000000089a80000, 0x00000000d6c00000)
  object space 88576K, 19% used [0x0000000084400000,0x0000000085548d80,0x0000000089a80000)
 Metaspace       used 41848K, capacity 44406K, committed 44544K, reserved 1087488K
  class space    used 5670K, capacity 6120K, committed 6144K, reserved 1048576K
}
Event: 43040.672 GC heap before
{Heap before GC invocations=10 (full 2):
 PSYoungGen      total 104960K, used 104931K [0x00000000d6c00000, 0x00000000e0f00000, 0x0000000100000000)
  eden space 93184K, 100% used [0x00000000d6c00000,0x00000000dc700000,0x00000000dc700000)
  from space 11776K, 99% used [0x00000000dc700000,0x00000000dd278cc0,0x00000000dd280000)
  to   space 14336K, 0% used [0x00000000e0100000,0x00000000e0100000,0x00000000e0f00000)
 ParOldGen       total 88576K, used 17699K [0x0000000084400000, 0x0000000089a80000, 0x00000000d6c00000)
  object space 88576K, 19% used [0x0000000084400000,0x0000000085548d80,0x0000000089a80000)
 Metaspace       used 42715K, capacity 45302K, committed 45568K, reserved 1089536K
  class space    used 5677K, capacity 6124K, committed 6144K, reserved 1048576K
Event: 43041.011 GC heap after
Heap after GC invocations=10 (full 2):
 PSYoungGen      total 139264K, used 6658K [0x00000000d6c00000, 0x00000000e0880000, 0x0000000100000000)
  eden space 131584K, 0% used [0x00000000d6c00000,0x00000000d6c00000,0x00000000dec80000)
  from space 7680K, 86% used [0x00000000e0100000,0x00000000e07809a0,0x00000000e0880000)
  to   space 14336K, 0% used [0x00000000dec80000,0x00000000dec80000,0x00000000dfa80000)
 ParOldGen       total 88576K, used 17707K [0x0000000084400000, 0x0000000089a80000, 0x00000000d6c00000)
  object space 88576K, 19% used [0x0000000084400000,0x000000008554ad80,0x0000000089a80000)
 Metaspace       used 42715K, capacity 45302K, committed 45568K, reserved 1089536K
  class space    used 5677K, capacity 6124K, committed 6144K, reserved 1048576K
}

