# JRE version: Java(TM) SE Runtime Environment (8.0_231-b11) (build 1.8.0_231-b11)
# Java VM: Java HotSpot(TM) 64-Bit Server VM (25.231-b11 mixed mode windows-amd64 compressed oops)
Heap:
 PSYoungGen      total 68608K, used 25429K [0x00000000d6c00000, 0x00000000db400000, 0x0000000100000000)
  eden space 63488K, 32% used [0x00000000d6c00000,0x00000000d7fdcd60,0x00000000daa00000)
  from space 5120K, 99% used [0x00000000daf00000,0x00000000db3f8888,0x00000000db400000)
  to   space 5120K, 0% used [0x00000000daa00000,0x00000000daa00000,0x00000000daf00000)
 ParOldGen       total 84992K, used 82K [0x0000000084400000, 0x0000000089700000, 0x00000000d6c00000)
  object space 84992K, 0% used [0x0000000084400000,0x0000000084414bb0,0x0000000089700000)
 Metaspace       used 16608K, capacity 17174K, committed 17408K, reserved 1064960K
  class space    used 2136K, capacity 2268K, committed 2304K, reserved 1048576K
GC Heap History (8 events):
Event: 1.867 GC heap before
{Heap before GC invocations=1 (full 0):
 PSYoungGen      total 36864K, used 31744K [0x00000000d6c00000, 0x00000000d9500000, 0x0000000100000000)
  eden space 31744K, 100% used [0x00000000d6c00000,0x00000000d8b00000,0x00000000d8b00000)
  from space 5120K, 0% used [0x00000000d9000000,0x00000000d9000000,0x00000000d9500000)
  to   space 5120K, 0% used [0x00000000d8b00000,0x00000000d8b00000,0x00000000d9000000)
 ParOldGen       total 84992K, used 0K [0x0000000084400000, 0x0000000089700000, 0x00000000d6c00000)
  object space 84992K, 0% used [0x0000000084400000,0x0000000084400000,0x0000000089700000)
 Metaspace       used 8629K, capacity 8766K, committed 9088K, reserved 1056768K
  class space    used 957K, capacity 1027K, committed 1152K, reserved 1048576K
Event: 1.871 GC heap after
Heap after GC invocations=1 (full 0):
 PSYoungGen      total 36864K, used 3649K [0x00000000d6c00000, 0x00000000d9500000, 0x0000000100000000)
  eden space 31744K, 0% used [0x00000000d6c00000,0x00000000d6c00000,0x00000000d8b00000)
  from space 5120K, 71% used [0x00000000d8b00000,0x00000000d8e90540,0x00000000d9000000)
  to   space 5120K, 0% used [0x00000000d9000000,0x00000000d9000000,0x00000000d9500000)
 ParOldGen       total 84992K, used 16K [0x0000000084400000, 0x0000000089700000, 0x00000000d6c00000)
  object space 84992K, 0% used [0x0000000084400000,0x0000000084404000,0x0000000089700000)
 Metaspace       used 8629K, capacity 8766K, committed 9088K, reserved 1056768K
  class space    used 957K, capacity 1027K, committed 1152K, reserved 1048576K
}
Event: 2.764 GC heap before
{Heap before GC invocations=2 (full 0):
 PSYoungGen      total 36864K, used 35393K [0x00000000d6c00000, 0x00000000d9500000, 0x0000000100000000)
  eden space 31744K, 100% used [0x00000000d6c00000,0x00000000d8b00000,0x00000000d8b00000)
  from space 5120K, 71% used [0x00000000d8b00000,0x00000000d8e90540,0x00000000d9000000)
  to   space 5120K, 0% used [0x00000000d9000000,0x00000000d9000000,0x00000000d9500000)
 ParOldGen       total 84992K, used 16K [0x0000000084400000, 0x0000000089700000, 0x00000000d6c00000)
  object space 84992K, 0% used [0x0000000084400000,0x0000000084404000,0x0000000089700000)
 Metaspace       used 11859K, capacity 12088K, committed 12288K, reserved 1060864K
  class space    used 1343K, capacity 1424K, committed 1536K, reserved 1048576K
Event: 2.774 GC heap after
Heap after GC invocations=2 (full 0):
 PSYoungGen      total 36864K, used 4116K [0x00000000d6c00000, 0x00000000d9500000, 0x0000000100000000)
  eden space 31744K, 0% used [0x00000000d6c00000,0x00000000d6c00000,0x00000000d8b00000)
  from space 5120K, 80% used [0x00000000d9000000,0x00000000d94051c8,0x00000000d9500000)
  to   space 5120K, 0% used [0x00000000d8b00000,0x00000000d8b00000,0x00000000d9000000)
 ParOldGen       total 84992K, used 24K [0x0000000084400000, 0x0000000089700000, 0x00000000d6c00000)
  object space 84992K, 0% used [0x0000000084400000,0x0000000084406000,0x0000000089700000)
 Metaspace       used 11859K, capacity 12088K, committed 12288K, reserved 1060864K
  class space    used 1343K, capacity 1424K, committed 1536K, reserved 1048576K
}
Event: 3.313 GC heap before
{Heap before GC invocations=3 (full 0):
 PSYoungGen      total 36864K, used 35860K [0x00000000d6c00000, 0x00000000d9500000, 0x0000000100000000)
  eden space 31744K, 100% used [0x00000000d6c00000,0x00000000d8b00000,0x00000000d8b00000)
  from space 5120K, 80% used [0x00000000d9000000,0x00000000d94051c8,0x00000000d9500000)
  to   space 5120K, 0% used [0x00000000d8b00000,0x00000000d8b00000,0x00000000d9000000)
 ParOldGen       total 84992K, used 24K [0x0000000084400000, 0x0000000089700000, 0x00000000d6c00000)
  object space 84992K, 0% used [0x0000000084400000,0x0000000084406000,0x0000000089700000)
 Metaspace       used 13976K, capacity 14360K, committed 14720K, reserved 1062912K
  class space    used 1705K, capacity 1819K, committed 1920K, reserved 1048576K
Event: 3.328 GC heap after
Heap after GC invocations=3 (full 0):
 PSYoungGen      total 36864K, used 4562K [0x00000000d6c00000, 0x00000000db400000, 0x0000000100000000)
  eden space 31744K, 0% used [0x00000000d6c00000,0x00000000d6c00000,0x00000000d8b00000)
  from space 5120K, 89% used [0x00000000d8b00000,0x00000000d8f74818,0x00000000d9000000)
  to   space 5120K, 0% used [0x00000000daf00000,0x00000000daf00000,0x00000000db400000)
 ParOldGen       total 84992K, used 32K [0x0000000084400000, 0x0000000089700000, 0x00000000d6c00000)
  object space 84992K, 0% used [0x0000000084400000,0x0000000084408000,0x0000000089700000)
 Metaspace       used 13976K, capacity 14360K, committed 14720K, reserved 1062912K
  class space    used 1705K, capacity 1819K, committed 1920K, reserved 1048576K
}
Event: 3.667 GC heap before
{Heap before GC invocations=4 (full 0):
 PSYoungGen      total 36864K, used 36306K [0x00000000d6c00000, 0x00000000db400000, 0x0000000100000000)
  eden space 31744K, 100% used [0x00000000d6c00000,0x00000000d8b00000,0x00000000d8b00000)
  from space 5120K, 89% used [0x00000000d8b00000,0x00000000d8f74818,0x00000000d9000000)
  to   space 5120K, 0% used [0x00000000daf00000,0x00000000daf00000,0x00000000db400000)
 ParOldGen       total 84992K, used 32K [0x0000000084400000, 0x0000000089700000, 0x00000000d6c00000)
  object space 84992K, 0% used [0x0000000084400000,0x0000000084408000,0x0000000089700000)
 Metaspace       used 15608K, capacity 16140K, committed 16256K, reserved 1062912K
  class space    used 1988K, capacity 2121K, committed 2176K, reserved 1048576K
Event: 3.676 GC heap after
Heap after GC invocations=4 (full 0):
 PSYoungGen      total 68608K, used 5090K [0x00000000d6c00000, 0x00000000db400000, 0x0000000100000000)
  eden space 63488K, 0% used [0x00000000d6c00000,0x00000000d6c00000,0x00000000daa00000)
  from space 5120K, 99% used [0x00000000daf00000,0x00000000db3f8888,0x00000000db400000)
  to   space 5120K, 0% used [0x00000000daa00000,0x00000000daa00000,0x00000000daf00000)
 ParOldGen       total 84992K, used 82K [0x0000000084400000, 0x0000000089700000, 0x00000000d6c00000)
  object space 84992K, 0% used [0x0000000084400000,0x0000000084414bb0,0x0000000089700000)
 Metaspace       used 15608K, capacity 16140K, committed 16256K, reserved 1062912K
  class space    used 1988K, capacity 2121K, committed 2176K, reserved 1048576K
}

