# JRE version: Java(TM) SE Runtime Environment (8.0_231-b11) (build 1.8.0_231-b11)
# Java VM: Java HotSpot(TM) 64-Bit Server VM (25.231-b11 mixed mode windows-amd64 compressed oops)
Heap:
 PSYoungGen      total 36864K, used 29809K [0x00000000d6c00000, 0x00000000dae00000, 0x0000000100000000)
  eden space 31744K, 82% used [0x00000000d6c00000,0x00000000d8582368,0x00000000d8b00000)
  from space 5120K, 72% used [0x00000000d8b00000,0x00000000d8e9a328,0x00000000d9000000)
  to   space 9216K, 0% used [0x00000000da500000,0x00000000da500000,0x00000000dae00000)
 ParOldGen       total 56320K, used 7085K [0x0000000084400000, 0x0000000087b00000, 0x00000000d6c00000)
  object space 56320K, 12% used [0x0000000084400000,0x0000000084aeb6e8,0x0000000087b00000)
 Metaspace       used 25525K, capacity 26638K, committed 26752K, reserved 1073152K
  class space    used 3373K, capacity 3616K, committed 3712K, reserved 1048576K
GC Heap History (10 events):
Event: 2.168 GC heap before
{Heap before GC invocations=2 (full 0):
 PSYoungGen      total 36864K, used 36857K [0x00000000d6c00000, 0x00000000d9500000, 0x0000000100000000)
  eden space 31744K, 100% used [0x00000000d6c00000,0x00000000d8b00000,0x00000000d8b00000)
  from space 5120K, 99% used [0x00000000d8b00000,0x00000000d8ffe698,0x00000000d9000000)
  to   space 5120K, 0% used [0x00000000d9000000,0x00000000d9000000,0x00000000d9500000)
 ParOldGen       total 84992K, used 185K [0x0000000084400000, 0x0000000089700000, 0x00000000d6c00000)
  object space 84992K, 0% used [0x0000000084400000,0x000000008442e668,0x0000000089700000)
 Metaspace       used 13420K, capacity 13968K, committed 14080K, reserved 1060864K
  class space    used 1797K, capacity 1959K, committed 2048K, reserved 1048576K
Event: 2.174 GC heap after
Heap after GC invocations=2 (full 0):
 PSYoungGen      total 36864K, used 5092K [0x00000000d6c00000, 0x00000000d9500000, 0x0000000100000000)
  eden space 31744K, 0% used [0x00000000d6c00000,0x00000000d6c00000,0x00000000d8b00000)
  from space 5120K, 99% used [0x00000000d9000000,0x00000000d94f9048,0x00000000d9500000)
  to   space 5120K, 0% used [0x00000000d8b00000,0x00000000d8b00000,0x00000000d9000000)
 ParOldGen       total 84992K, used 756K [0x0000000084400000, 0x0000000089700000, 0x00000000d6c00000)
  object space 84992K, 0% used [0x0000000084400000,0x00000000844bd1f0,0x0000000089700000)
 Metaspace       used 13420K, capacity 13968K, committed 14080K, reserved 1060864K
  class space    used 1797K, capacity 1959K, committed 2048K, reserved 1048576K
}
Event: 2.509 GC heap before
{Heap before GC invocations=3 (full 0):
 PSYoungGen      total 36864K, used 36836K [0x00000000d6c00000, 0x00000000d9500000, 0x0000000100000000)
  eden space 31744K, 100% used [0x00000000d6c00000,0x00000000d8b00000,0x00000000d8b00000)
  from space 5120K, 99% used [0x00000000d9000000,0x00000000d94f9048,0x00000000d9500000)
  to   space 5120K, 0% used [0x00000000d8b00000,0x00000000d8b00000,0x00000000d9000000)
 ParOldGen       total 84992K, used 756K [0x0000000084400000, 0x0000000089700000, 0x00000000d6c00000)
  object space 84992K, 0% used [0x0000000084400000,0x00000000844bd1f0,0x0000000089700000)
 Metaspace       used 17892K, capacity 18514K, committed 18688K, reserved 1064960K
  class space    used 2332K, capacity 2502K, committed 2560K, reserved 1048576K
Event: 2.515 GC heap after
Heap after GC invocations=3 (full 0):
 PSYoungGen      total 36864K, used 5119K [0x00000000d6c00000, 0x00000000d9500000, 0x0000000100000000)
  eden space 31744K, 0% used [0x00000000d6c00000,0x00000000d6c00000,0x00000000d8b00000)
  from space 5120K, 99% used [0x00000000d8b00000,0x00000000d8fffc88,0x00000000d9000000)
  to   space 5120K, 0% used [0x00000000d9000000,0x00000000d9000000,0x00000000d9500000)
 ParOldGen       total 84992K, used 3499K [0x0000000084400000, 0x0000000089700000, 0x00000000d6c00000)
  object space 84992K, 4% used [0x0000000084400000,0x000000008476ac08,0x0000000089700000)
 Metaspace       used 17892K, capacity 18514K, committed 18688K, reserved 1064960K
  class space    used 2332K, capacity 2502K, committed 2560K, reserved 1048576K
}
Event: 2.711 GC heap before
{Heap before GC invocations=4 (full 0):
 PSYoungGen      total 36864K, used 25178K [0x00000000d6c00000, 0x00000000d9500000, 0x0000000100000000)
  eden space 31744K, 63% used [0x00000000d6c00000,0x00000000d7f96c60,0x00000000d8b00000)
  from space 5120K, 99% used [0x00000000d8b00000,0x00000000d8fffc88,0x00000000d9000000)
  to   space 5120K, 0% used [0x00000000d9000000,0x00000000d9000000,0x00000000d9500000)
 ParOldGen       total 84992K, used 3499K [0x0000000084400000, 0x0000000089700000, 0x00000000d6c00000)
  object space 84992K, 4% used [0x0000000084400000,0x000000008476ac08,0x0000000089700000)
 Metaspace       used 20516K, capacity 21152K, committed 21296K, reserved 1067008K
  class space    used 2689K, capacity 2857K, committed 2944K, reserved 1048576K
Event: 2.723 GC heap after
Heap after GC invocations=4 (full 0):
 PSYoungGen      total 36864K, used 5110K [0x00000000d6c00000, 0x00000000d9500000, 0x0000000100000000)
  eden space 31744K, 0% used [0x00000000d6c00000,0x00000000d6c00000,0x00000000d8b00000)
  from space 5120K, 99% used [0x00000000d9000000,0x00000000d94fd9d8,0x00000000d9500000)
  to   space 5120K, 0% used [0x00000000d8b00000,0x00000000d8b00000,0x00000000d9000000)
 ParOldGen       total 84992K, used 5625K [0x0000000084400000, 0x0000000089700000, 0x00000000d6c00000)
  object space 84992K, 6% used [0x0000000084400000,0x000000008497e598,0x0000000089700000)
 Metaspace       used 20516K, capacity 21152K, committed 21296K, reserved 1067008K
  class space    used 2689K, capacity 2857K, committed 2944K, reserved 1048576K
}
Event: 2.723 GC heap before
{Heap before GC invocations=5 (full 1):
 PSYoungGen      total 36864K, used 5110K [0x00000000d6c00000, 0x00000000d9500000, 0x0000000100000000)
  eden space 31744K, 0% used [0x00000000d6c00000,0x00000000d6c00000,0x00000000d8b00000)
  from space 5120K, 99% used [0x00000000d9000000,0x00000000d94fd9d8,0x00000000d9500000)
  to   space 5120K, 0% used [0x00000000d8b00000,0x00000000d8b00000,0x00000000d9000000)
 ParOldGen       total 84992K, used 5625K [0x0000000084400000, 0x0000000089700000, 0x00000000d6c00000)
  object space 84992K, 6% used [0x0000000084400000,0x000000008497e598,0x0000000089700000)
 Metaspace       used 20516K, capacity 21152K, committed 21296K, reserved 1067008K
  class space    used 2689K, capacity 2857K, committed 2944K, reserved 1048576K
Event: 2.766 GC heap after
Heap after GC invocations=5 (full 1):
 PSYoungGen      total 36864K, used 0K [0x00000000d6c00000, 0x00000000d9500000, 0x0000000100000000)
  eden space 31744K, 0% used [0x00000000d6c00000,0x00000000d6c00000,0x00000000d8b00000)
  from space 5120K, 0% used [0x00000000d9000000,0x00000000d9000000,0x00000000d9500000)
  to   space 5120K, 0% used [0x00000000d8b00000,0x00000000d8b00000,0x00000000d9000000)
 ParOldGen       total 56320K, used 7077K [0x0000000084400000, 0x0000000087b00000, 0x00000000d6c00000)
  object space 56320K, 12% used [0x0000000084400000,0x0000000084ae96e8,0x0000000087b00000)
 Metaspace       used 20514K, capacity 21146K, committed 21296K, reserved 1067008K
  class space    used 2688K, capacity 2856K, committed 2944K, reserved 1048576K
}
Event: 3.257 GC heap before
{Heap before GC invocations=6 (full 1):
 PSYoungGen      total 36864K, used 31744K [0x00000000d6c00000, 0x00000000d9500000, 0x0000000100000000)
  eden space 31744K, 100% used [0x00000000d6c00000,0x00000000d8b00000,0x00000000d8b00000)
  from space 5120K, 0% used [0x00000000d9000000,0x00000000d9000000,0x00000000d9500000)
  to   space 5120K, 0% used [0x00000000d8b00000,0x00000000d8b00000,0x00000000d9000000)
 ParOldGen       total 56320K, used 7077K [0x0000000084400000, 0x0000000087b00000, 0x00000000d6c00000)
  object space 56320K, 12% used [0x0000000084400000,0x0000000084ae96e8,0x0000000087b00000)
 Metaspace       used 22576K, capacity 23538K, committed 23808K, reserved 1069056K
  class space    used 2991K, capacity 3236K, committed 3328K, reserved 1048576K
Event: 3.261 GC heap after
Heap after GC invocations=6 (full 1):
 PSYoungGen      total 36864K, used 3688K [0x00000000d6c00000, 0x00000000dae00000, 0x0000000100000000)
  eden space 31744K, 0% used [0x00000000d6c00000,0x00000000d6c00000,0x00000000d8b00000)
  from space 5120K, 72% used [0x00000000d8b00000,0x00000000d8e9a328,0x00000000d9000000)
  to   space 9216K, 0% used [0x00000000da500000,0x00000000da500000,0x00000000dae00000)
 ParOldGen       total 56320K, used 7085K [0x0000000084400000, 0x0000000087b00000, 0x00000000d6c00000)
  object space 56320K, 12% used [0x0000000084400000,0x0000000084aeb6e8,0x0000000087b00000)
 Metaspace       used 22576K, capacity 23538K, committed 23808K, reserved 1069056K
  class space    used 2991K, capacity 3236K, committed 3328K, reserved 1048576K
}

