# JRE version: Java(TM) SE Runtime Environment (8.0_231-b11) (build 1.8.0_231-b11)
# Java VM: Java HotSpot(TM) 64-Bit Server VM (25.231-b11 mixed mode windows-amd64 compressed oops)
Heap:
 PSYoungGen      total 68608K, used 10368K [0x00000000d6c00000, 0x00000000ddb80000, 0x0000000100000000)
  eden space 63488K, 8% used [0x00000000d6c00000,0x00000000d7120800,0x00000000daa00000)
  from space 5120K, 99% used [0x00000000daa00000,0x00000000daeffbd8,0x00000000daf00000)
  to   space 9728K, 0% used [0x00000000dd200000,0x00000000dd200000,0x00000000ddb80000)
 ParOldGen       total 57344K, used 10304K [0x0000000084400000, 0x0000000087c00000, 0x00000000d6c00000)
  object space 57344K, 17% used [0x0000000084400000,0x0000000084e10130,0x0000000087c00000)
 Metaspace       used 27138K, capacity 28716K, committed 28800K, reserved 1075200K
  class space    used 3643K, capacity 3941K, committed 3968K, reserved 1048576K
GC Heap History (10 events):
Event: 0.806 GC heap before
{Heap before GC invocations=2 (full 0):
 PSYoungGen      total 36864K, used 36856K [0x00000000d6c00000, 0x00000000d9500000, 0x0000000100000000)
  eden space 31744K, 100% used [0x00000000d6c00000,0x00000000d8b00000,0x00000000d8b00000)
  from space 5120K, 99% used [0x00000000d8b00000,0x00000000d8ffe258,0x00000000d9000000)
  to   space 5120K, 0% used [0x00000000d9000000,0x00000000d9000000,0x00000000d9500000)
 ParOldGen       total 84992K, used 221K [0x0000000084400000, 0x0000000089700000, 0x00000000d6c00000)
  object space 84992K, 0% used [0x0000000084400000,0x0000000084437618,0x0000000089700000)
 Metaspace       used 13433K, capacity 13900K, committed 14080K, reserved 1060864K
  class space    used 1802K, capacity 1959K, committed 2048K, reserved 1048576K
Event: 0.810 GC heap after
Heap after GC invocations=2 (full 0):
 PSYoungGen      total 36864K, used 5099K [0x00000000d6c00000, 0x00000000db400000, 0x0000000100000000)
  eden space 31744K, 0% used [0x00000000d6c00000,0x00000000d6c00000,0x00000000d8b00000)
  from space 5120K, 99% used [0x00000000d9000000,0x00000000d94fad48,0x00000000d9500000)
  to   space 5120K, 0% used [0x00000000d8b00000,0x00000000d8b00000,0x00000000d9000000)
 ParOldGen       total 84992K, used 873K [0x0000000084400000, 0x0000000089700000, 0x00000000d6c00000)
  object space 84992K, 1% used [0x0000000084400000,0x00000000844da538,0x0000000089700000)
 Metaspace       used 13433K, capacity 13900K, committed 14080K, reserved 1060864K
  class space    used 1802K, capacity 1959K, committed 2048K, reserved 1048576K
}
Event: 1.014 GC heap before
{Heap before GC invocations=3 (full 0):
 PSYoungGen      total 36864K, used 36843K [0x00000000d6c00000, 0x00000000db400000, 0x0000000100000000)
  eden space 31744K, 100% used [0x00000000d6c00000,0x00000000d8b00000,0x00000000d8b00000)
  from space 5120K, 99% used [0x00000000d9000000,0x00000000d94fad48,0x00000000d9500000)
  to   space 5120K, 0% used [0x00000000d8b00000,0x00000000d8b00000,0x00000000d9000000)
 ParOldGen       total 84992K, used 873K [0x0000000084400000, 0x0000000089700000, 0x00000000d6c00000)
  object space 84992K, 1% used [0x0000000084400000,0x00000000844da538,0x0000000089700000)
 Metaspace       used 17868K, capacity 18510K, committed 18688K, reserved 1064960K
  class space    used 2337K, capacity 2502K, committed 2560K, reserved 1048576K
Event: 1.019 GC heap after
Heap after GC invocations=3 (full 0):
 PSYoungGen      total 36864K, used 5109K [0x00000000d6c00000, 0x00000000db400000, 0x0000000100000000)
  eden space 31744K, 0% used [0x00000000d6c00000,0x00000000d6c00000,0x00000000d8b00000)
  from space 5120K, 99% used [0x00000000d8b00000,0x00000000d8ffd600,0x00000000d9000000)
  to   space 5120K, 0% used [0x00000000daf00000,0x00000000daf00000,0x00000000db400000)
 ParOldGen       total 84992K, used 3634K [0x0000000084400000, 0x0000000089700000, 0x00000000d6c00000)
  object space 84992K, 4% used [0x0000000084400000,0x000000008478c998,0x0000000089700000)
 Metaspace       used 17868K, capacity 18510K, committed 18688K, reserved 1064960K
  class space    used 2337K, capacity 2502K, committed 2560K, reserved 1048576K
}
Event: 1.170 GC heap before
{Heap before GC invocations=4 (full 0):
 PSYoungGen      total 36864K, used 25619K [0x00000000d6c00000, 0x00000000db400000, 0x0000000100000000)
  eden space 31744K, 64% used [0x00000000d6c00000,0x00000000d8007608,0x00000000d8b00000)
  from space 5120K, 99% used [0x00000000d8b00000,0x00000000d8ffd600,0x00000000d9000000)
  to   space 5120K, 0% used [0x00000000daf00000,0x00000000daf00000,0x00000000db400000)
 ParOldGen       total 84992K, used 3634K [0x0000000084400000, 0x0000000089700000, 0x00000000d6c00000)
  object space 84992K, 4% used [0x0000000084400000,0x000000008478c998,0x0000000089700000)
 Metaspace       used 20541K, capacity 21192K, committed 21296K, reserved 1067008K
  class space    used 2713K, capacity 2873K, committed 2944K, reserved 1048576K
Event: 1.175 GC heap after
Heap after GC invocations=4 (full 0):
 PSYoungGen      total 68608K, used 5115K [0x00000000d6c00000, 0x00000000db400000, 0x0000000100000000)
  eden space 63488K, 0% used [0x00000000d6c00000,0x00000000d6c00000,0x00000000daa00000)
  from space 5120K, 99% used [0x00000000daf00000,0x00000000db3fec68,0x00000000db400000)
  to   space 5120K, 0% used [0x00000000daa00000,0x00000000daa00000,0x00000000daf00000)
 ParOldGen       total 84992K, used 5818K [0x0000000084400000, 0x0000000089700000, 0x00000000d6c00000)
  object space 84992K, 6% used [0x0000000084400000,0x00000000849ae818,0x0000000089700000)
 Metaspace       used 20541K, capacity 21192K, committed 21296K, reserved 1067008K
  class space    used 2713K, capacity 2873K, committed 2944K, reserved 1048576K
}
Event: 1.175 GC heap before
{Heap before GC invocations=5 (full 1):
 PSYoungGen      total 68608K, used 5115K [0x00000000d6c00000, 0x00000000db400000, 0x0000000100000000)
  eden space 63488K, 0% used [0x00000000d6c00000,0x00000000d6c00000,0x00000000daa00000)
  from space 5120K, 99% used [0x00000000daf00000,0x00000000db3fec68,0x00000000db400000)
  to   space 5120K, 0% used [0x00000000daa00000,0x00000000daa00000,0x00000000daf00000)
 ParOldGen       total 84992K, used 5818K [0x0000000084400000, 0x0000000089700000, 0x00000000d6c00000)
  object space 84992K, 6% used [0x0000000084400000,0x00000000849ae818,0x0000000089700000)
 Metaspace       used 20541K, capacity 21192K, committed 21296K, reserved 1067008K
  class space    used 2713K, capacity 2873K, committed 2944K, reserved 1048576K
Event: 1.197 GC heap after
Heap after GC invocations=5 (full 1):
 PSYoungGen      total 68608K, used 0K [0x00000000d6c00000, 0x00000000db400000, 0x0000000100000000)
  eden space 63488K, 0% used [0x00000000d6c00000,0x00000000d6c00000,0x00000000daa00000)
  from space 5120K, 0% used [0x00000000daf00000,0x00000000daf00000,0x00000000db400000)
  to   space 5120K, 0% used [0x00000000daa00000,0x00000000daa00000,0x00000000daf00000)
 ParOldGen       total 57344K, used 7047K [0x0000000084400000, 0x0000000087c00000, 0x00000000d6c00000)
  object space 57344K, 12% used [0x0000000084400000,0x0000000084ae1f18,0x0000000087c00000)
 Metaspace       used 20539K, capacity 21186K, committed 21296K, reserved 1067008K
  class space    used 2712K, capacity 2872K, committed 2944K, reserved 1048576K
}
Event: 2.065 GC heap before
{Heap before GC invocations=6 (full 1):
 PSYoungGen      total 68608K, used 63488K [0x00000000d6c00000, 0x00000000db400000, 0x0000000100000000)
  eden space 63488K, 100% used [0x00000000d6c00000,0x00000000daa00000,0x00000000daa00000)
  from space 5120K, 0% used [0x00000000daf00000,0x00000000daf00000,0x00000000db400000)
  to   space 5120K, 0% used [0x00000000daa00000,0x00000000daa00000,0x00000000daf00000)
 ParOldGen       total 57344K, used 7047K [0x0000000084400000, 0x0000000087c00000, 0x00000000d6c00000)
  object space 57344K, 12% used [0x0000000084400000,0x0000000084ae1f18,0x0000000087c00000)
 Metaspace       used 26383K, capacity 27572K, committed 27648K, reserved 1073152K
  class space    used 3505K, capacity 3769K, committed 3840K, reserved 1048576K
Event: 2.072 GC heap after
Heap after GC invocations=6 (full 1):
 PSYoungGen      total 68608K, used 5118K [0x00000000d6c00000, 0x00000000ddb80000, 0x0000000100000000)
  eden space 63488K, 0% used [0x00000000d6c00000,0x00000000d6c00000,0x00000000daa00000)
  from space 5120K, 99% used [0x00000000daa00000,0x00000000daeffbd8,0x00000000daf00000)
  to   space 9728K, 0% used [0x00000000dd200000,0x00000000dd200000,0x00000000ddb80000)
 ParOldGen       total 57344K, used 10304K [0x0000000084400000, 0x0000000087c00000, 0x00000000d6c00000)
  object space 57344K, 17% used [0x0000000084400000,0x0000000084e10130,0x0000000087c00000)
 Metaspace       used 26383K, capacity 27572K, committed 27648K, reserved 1073152K
  class space    used 3505K, capacity 3769K, committed 3840K, reserved 1048576K
}

